

Microchip Technology PIC18 LITE Macro Assembler V1.41 build -162212810 
                                                                                               Fri Oct 08 08:34:06 2021

Microchip Technology Omniscient Code Generator v1.41 (Free mode) build 201701250102
     1                           	processor	18F4550
     2                           	fnconf	rparam,??,?,0
     3                           	opt	pw 120
     4                           	opt	lm
     5                           	psect	cinit,global,reloc=2,class=CODE,delta=1
     6                           	psect	cstackCOMRAM,global,class=COMRAM,space=1,delta=1,noexec
     7                           	psect	text0,global,reloc=2,class=CODE,delta=1
     8                           	psect	intsave_regs,global,class=BIGRAM,space=1,delta=1,noexec
     9                           	psect	rparam,global,class=COMRAM,space=1,delta=1,noexec
    10  0000                     
    11                           ; Version 1.41
    12                           ; Generated 25/01/2017 GMT
    13                           ; 
    14                           ; Copyright © 2017, Microchip Technology Inc. and its subsidiaries ("Microchip")
    15                           ; All rights reserved.
    16                           ; 
    17                           ; This software is developed by Microchip Technology Inc. and its subsidiaries ("Microch
      +                          ip").
    18                           ; 
    19                           ; Redistribution and use in source and binary forms, with or without modification, are
    20                           ; permitted provided that the following conditions are met:
    21                           ; 
    22                           ;     1. Redistributions of source code must retain the above copyright notice, this lis
      +                          t of
    23                           ;        conditions and the following disclaimer.
    24                           ; 
    25                           ;     2. Redistributions in binary form must reproduce the above copyright notice, this 
      +                          list
    26                           ;        of conditions and the following disclaimer in the documentation and/or other
    27                           ;        materials provided with the distribution.
    28                           ; 
    29                           ;     3. Microchip's name may not be used to endorse or promote products derived from th
      +                          is
    30                           ;        software without specific prior written permission.
    31                           ; 
    32                           ; THIS SOFTWARE IS PROVIDED BY MICROCHIP "AS IS" AND ANY EXPRESS OR IMPLIED WARRANTIES,
    33                           ; INCLUDING, BUT NOT LIMITED TO, THE IMPLIED WARRANTIES OF MERCHANTABILITY AND FITNESS F
      +                          OR
    34                           ; PURPOSE ARE DISCLAIMED.  IN NO EVENT SHALL MICROCHIP BE LIABLE FOR ANY DIRECT, INDIREC
      +                          T,
    35                           ; INCIDENTAL, SPECIAL, EXEMPLARY, OR CONSEQUENTIAL DAMAGES (INCLUDING BUT NOT LIMITED TO
    36                           ; PROCUREMENT OF SUBSTITUTE GOODS OR SERVICES; LOSS OF USE, DATA OR PROFITS; OR BUSINESS
    37                           ; INTERRUPTION) HOWSOEVER CAUSED AND ON ANY THEORY OF LIABILITY, WHETHER IN CONTRACT, ST
      +                          RICT
    38                           ; LIABILITY, OR TORT (INCLUDING NEGLIGENCE OR OTHERWISE) ARISING IN ANY WAY OUT OF THE U
      +                          SE OF
    39                           ; THIS SOFTWARE, EVEN IF ADVISED OF THE POSSIBILITY OF SUCH DAMAGE.
    40                           ; 
    41                           ; 
    42                           ; Code-generator required, PIC18F4550 Definitions
    43                           ; 
    44                           ; SFR Addresses
    45  0000                     _ADRESH	set	4036
    46  0000                     _PORTD	set	3971
    47  0000                     _ADCON0bits	set	4034
    48  0000                     _ADCON2bits	set	4032
    49  0000                     _ADCON1bits	set	4033
    50  0000                     _TRISA	set	3986
    51  0000                     _TRISD	set	3989
    52                           
    53                           ; #config settings
    54  0000                     
    55                           	psect	cinit
    56  007FB6                     __pcinit:
    57                           	opt stack 0
    58  007FB6                     start_initialization:
    59                           	opt stack 0
    60  007FB6                     __initialization:
    61                           	opt stack 0
    62  007FB6                     end_of_initialization:
    63                           	opt stack 0
    64  007FB6                     __end_of__initialization:
    65                           	opt stack 0
    66  007FB6  0100               	movlb	0
    67  007FB8  EFDE  F03F         	goto	_main	;jump to C main() function
    68                           
    69                           	psect	cstackCOMRAM
    70  000000                     __pcstackCOMRAM:
    71                           	opt stack 0
    72  000000                     
    73                           ; 1 bytes @ 0x0
    74 ;;
    75 ;;Main: autosize = 0, tempsize = 0, incstack = 0, save=0
    76 ;;
    77 ;; *************** function _main *****************
    78 ;; Defined at:
    79 ;;		line 10 in file "Bateria.c"
    80 ;; Parameters:    Size  Location     Type
    81 ;;		None
    82 ;; Auto vars:     Size  Location     Type
    83 ;;		None
    84 ;; Return value:  Size  Location     Type
    85 ;;                  1    wreg      void 
    86 ;; Registers used:
    87 ;;		wreg, status,2
    88 ;; Tracked objects:
    89 ;;		On entry : 0/0
    90 ;;		On exit  : 0/0
    91 ;;		Unchanged: 0/0
    92 ;; Data sizes:     COMRAM   BANK0   BANK1   BANK2   BANK3   BANK4   BANK5   BANK6   BANK7
    93 ;;      Params:         0       0       0       0       0       0       0       0       0
    94 ;;      Locals:         0       0       0       0       0       0       0       0       0
    95 ;;      Temps:          0       0       0       0       0       0       0       0       0
    96 ;;      Totals:         0       0       0       0       0       0       0       0       0
    97 ;;Total ram usage:        0 bytes
    98 ;; This function calls:
    99 ;;		Nothing
   100 ;; This function is called by:
   101 ;;		Startup code after reset
   102 ;; This function uses a non-reentrant model
   103 ;;
   104                           
   105                           	psect	text0
   106  007FBC                     __ptext0:
   107                           	opt stack 0
   108  007FBC                     _main:
   109                           	opt stack 31
   110                           
   111                           ;Bateria.c: 11: TRISD = 0x00;
   112                           
   113                           ;incstack = 0
   114  007FBC  0E00               	movlw	0
   115  007FBE  6E95               	movwf	3989,c	;volatile
   116                           
   117                           ;Bateria.c: 12: TRISA = 1;
   118  007FC0  0E01               	movlw	1
   119  007FC2  6E92               	movwf	3986,c	;volatile
   120                           
   121                           ;Bateria.c: 13: ADCON1bits.PCFG = 0xD;
   122  007FC4  50C1               	movf	4033,w,c	;volatile
   123  007FC6  0BF0               	andlw	-16
   124  007FC8  090D               	iorlw	13
   125  007FCA  6EC1               	movwf	4033,c	;volatile
   126                           
   127                           ;Bateria.c: 14: ADCON2bits.ADFM = 0;
   128  007FCC  9EC0               	bcf	4032,7,c	;volatile
   129                           
   130                           ;Bateria.c: 15: ADCON1bits.VCFG0 = 0;
   131  007FCE  98C1               	bcf	4033,4,c	;volatile
   132                           
   133                           ;Bateria.c: 16: ADCON1bits.VCFG1 = 0;
   134  007FD0  9AC1               	bcf	4033,5,c	;volatile
   135                           
   136                           ;Bateria.c: 17: ADCON0bits.CHS = 0b0000;
   137  007FD2  94C2               	bcf	4034,2,c	;volatile
   138  007FD4  96C2               	bcf	4034,3,c	;volatile
   139  007FD6  98C2               	bcf	4034,4,c	;volatile
   140  007FD8  9AC2               	bcf	4034,5,c	;volatile
   141                           
   142                           ;Bateria.c: 18: ADCON2bits.ADCS = 0b001;
   143  007FDA  50C0               	movf	4032,w,c	;volatile
   144  007FDC  0BF8               	andlw	-8
   145  007FDE  0901               	iorlw	1
   146  007FE0  6EC0               	movwf	4032,c	;volatile
   147  007FE2                     l633:
   148                           
   149                           ;Bateria.c: 21: ADCON0bits.ADON = 1;
   150  007FE2  80C2               	bsf	4034,0,c	;volatile
   151                           
   152                           ;Bateria.c: 22: _delay((unsigned long)((30)*(8000000/4000000.0)));
   153  007FE4  0E14               	movlw	20
   154  007FE6                     u27:
   155  007FE6  2EE8               	decfsz	wreg,f,c
   156  007FE8  D7FE               	bra	u27
   157                           
   158                           ;Bateria.c: 23: ADCON0bits.GO = 1;
   159  007FEA  82C2               	bsf	4034,1,c	;volatile
   160  007FEC                     l20:
   161  007FEC  B2C2               	btfsc	4034,1,c	;volatile
   162  007FEE  D7FE               	goto	l20
   163                           
   164                           ;Bateria.c: 25: ADCON0bits.ADON =0;
   165  007FF0  90C2               	bcf	4034,0,c	;volatile
   166                           
   167                           ;Bateria.c: 26: PORTD = ADRESH;
   168  007FF2  CFC4 FF83          	movff	4036,3971	;volatile
   169                           
   170                           ;Bateria.c: 27: _delay((unsigned long)((500)*(8000000/4000000.0)));
   171  007FF6  0EC8               	movlw	200
   172  007FF8                     u37:
   173  007FF8  D000               	nop2	
   174  007FFA  2EE8               	decfsz	wreg,f,c
   175  007FFC  D7FD               	bra	u37
   176  007FFE  D7F1               	goto	l633
   177  008000                     __end_of_main:
   178                           	opt stack 0
   179  0000                     wreg	equ	0xFE8
   180                           wreg	equ	0xFE8
   181                           
   182                           	psect	rparam
   183  0000                     wreg	equ	0xFE8


Data Sizes:
    Strings     0
    Constant    0
    Data        0
    BSS         0
    Persistent  0
    Stack       0

Auto Spaces:
    Space          Size  Autos    Used
    COMRAM           95      0       0
    BANK0           160      0       0
    BANK1           256      0       0
    BANK2           256      0       0
    BANK3           256      0       0
    BANK4           256      0       0
    BANK5           256      0       0
    BANK6           256      0       0
    BANK7           256      0       0

Pointer List with Targets:

    None.

Critical Paths under _main in COMRAM

    None.

Critical Paths under _main in BANK0

    None.

Critical Paths under _main in BANK1

    None.

Critical Paths under _main in BANK2

    None.

Critical Paths under _main in BANK3

    None.

Critical Paths under _main in BANK4

    None.

Critical Paths under _main in BANK5

    None.

Critical Paths under _main in BANK6

    None.

Critical Paths under _main in BANK7

    None.

Call Graph Tables:

 ---------------------------------------------------------------------------------
 (Depth) Function   	        Calls       Base Space   Used Autos Params    Refs
 ---------------------------------------------------------------------------------
 (0) _main                                                 0     0      0       0
 ---------------------------------------------------------------------------------
 Estimated maximum stack depth 0
 ---------------------------------------------------------------------------------

 Call Graph Graphs:

 _main (ROOT)

 Address spaces:
Name               Size   Autos  Total    Cost      Usage
BITCOMRAM           5F      0       0       0        0.0%
EEDATA             100      0       0       0        0.0%
NULL                 0      0       0       0        0.0%
CODE                 0      0       0       0        0.0%
COMRAM              5F      0       0       1        0.0%
STACK                0      0       0       2        0.0%
DATA                 0      0       0       3        0.0%
BITBANK0            A0      0       0       4        0.0%
BANK0               A0      0       0       5        0.0%
BITBANK1           100      0       0       6        0.0%
BANK1              100      0       0       7        0.0%
BITBANK2           100      0       0       8        0.0%
BANK2              100      0       0       9        0.0%
BITBANK3           100      0       0      10        0.0%
BANK3              100      0       0      11        0.0%
BITBANK4           100      0       0      12        0.0%
BANK4              100      0       0      13        0.0%
BITBANK5           100      0       0      14        0.0%
BANK5              100      0       0      15        0.0%
BITBANK6           100      0       0      16        0.0%
BANK6              100      0       0      17        0.0%
BITBANK7           100      0       0      18        0.0%
BANK7              100      0       0      19        0.0%
ABS                  0      0       0      20        0.0%
BIGRAM             7FF      0       0      21        0.0%
BITSFR               0      0       0     200        0.0%
SFR                  0      0       0     200        0.0%


Microchip Technology PIC18 Macro Assembler V1.41 build -162212810 
Symbol Table                                                                                   Fri Oct 08 08:34:06 2021

                     l20 7FEC                       u27 7FE6                       u37 7FF8  
            __CFG_BOR$ON 000000              __CFG_BORV$3 000000             __CFG_CP0$OFF 000000  
           __CFG_CP1$OFF 000000             __CFG_CP2$OFF 000000             __CFG_CP3$OFF 000000  
            __CFG_LVP$ON 000000                      l633 7FE2             __CFG_CPB$OFF 000000  
           __CFG_CPD$OFF 000000                      wreg 000FE8             __CFG_WDT$OFF 000000  
                   _main 7FBC                     start 0000            __CFG_IESO$OFF 000000  
          __CFG_MCLRE$ON 000000             ___param_bank 000000            __CFG_PLLDIV$1 000000  
         __CFG_CCP2MX$ON 000000                    ?_main 0000                    _PORTD 000F83  
          __CFG_USBDIV$1 000000                    _TRISA 000F92                    _TRISD 000F95  
          __CFG_PWRT$OFF 000000            __CFG_WRT0$OFF 000000            __CFG_WRT1$OFF 000000  
          __CFG_WRT2$OFF 000000            __CFG_WRT3$OFF 000000           __CFG_EBTR0$OFF 000000  
         __CFG_FCMEN$OFF 000000           __CFG_EBTR1$OFF 000000           __CFG_EBTR2$OFF 000000  
         __CFG_EBTR3$OFF 000000            __CFG_WRTB$OFF 000000            __CFG_WRTC$OFF 000000  
          __CFG_WRTD$OFF 000000           __CFG_EBTRB$OFF 000000           __CFG_ICPRT$OFF 000000  
         __CFG_PBADEN$ON 000000          __initialization 7FB6             __end_of_main 8000  
                 ??_main 0000            __activetblptr 000000                   _ADRESH 000FC4  
         __CFG_XINST$OFF 000000           __CFG_STVREN$ON 000000               __accesstop 0060  
__end_of__initialization 7FB6            ___rparam_used 000001           __pcstackCOMRAM 0000  
        __CFG_VREGEN$OFF 000000                  __Hparam 0000                  __Lparam 0000  
                __pcinit 7FB6                  __ramtop 0800                  __ptext0 7FBC  
   end_of_initialization 7FB6      start_initialization 7FB6         __CFG_LPT1OSC$OFF 000000  
       __CFG_WDTPS$32768 000000               _ADCON0bits 000FC2               _ADCON1bits 000FC1  
             _ADCON2bits 000FC0                 __Hrparam 0000                 __Lrparam 0000  
          __size_of_main 0044    __CFG_CPUDIV$OSC1_PLL2 000000      __CFG_FOSC$INTOSC_HS 000000  
